********************************************************************************
DUPLICATOR-LITE PACKAGE-LOG: May 30, 2021 3:07 pm
NOTICE: Do NOT post to public sites or forums 
********************************************************************************
VERSION:	1.4.1
WORDPRESS:	5.7.2
PHP INFO:	8.0.6 | SAPI: apache2handler
SERVER:		Apache/2.4.47 (Win64) OpenSSL/1.1.1k PHP/8.0.6 
PHP TIME LIMIT: (0) no time limit imposed 
PHP MAX MEMORY: 4294967296 (512M default) 
MEMORY STACK: 4MB

********************************************************************************
DATABASE:
********************************************************************************
BUILD MODE:   MYSQLDUMP
MYSQLTIMEOUT: 5000
MYSQLDUMP:    Is Supported
SQL CREATED: 20210530_torontoonline_d8b0c12ca8619ba19617_20210530150723_database.sql
SQL FILE SIZE: 301.52KB (308758)
SQL FILE TIME: 2021-05-30 15:07:32
SQL RUNTIME: 0.76 sec.

********************************************************************************
ARCHIVE (ZIP):
********************************************************************************
ARCHIVE DIR:  C:/xampp/htdocs/city_blog
ARCHIVE FILE: 20210530_torontoonline_d8b0c12ca8619ba19617_20210530150723_archive.zip
FILTERS: *OFF*
DIRS:
	not set
FILES:
	not set
EXTS:  not set
----------------------------------------
COMPRESSING
SIZE:	95.32MB
STATS:	Dirs 451 | Files 3,044
SQL ADDED: 20210530_torontoonline_d8b0c12ca8619ba19617_20210530150723_database.sql
ZipArchive Object
(
    [lastId] => 3494
    [status] => 0
    [statusSys] => 0
    [numFiles] => 3495
    [filename] => C:\xampp\htdocs\city_blog\wp-content\backups-dup-lite\tmp\20210530_torontoonline_d8b0c12ca8619ba19617_20210530150723_archive.zip
    [comment] => 
)

FILE ADDED TO ZIP: 3494
COMPRESSION RESULT: '1'
COMPRESSED SIZE: 56.19MB
ARCHIVE RUNTIME: 18.99 sec.
MEMORY STACK: 6MB
building installer
add_extra_files1
add_extra_files2
add_extra_files3
add_extra_files4
Doing archive file check
add_extra_files5
add_extra_files6
add_extra_files8
Successfully opened zip C:/xampp/htdocs/city_blog/wp-content/backups-dup-lite/tmp/20210530_torontoonline_d8b0c12ca8619ba19617_20210530150723_archive.zip
Adding enhanced installer files to archive using ZipArchive
Installer files added to archive
Added to archive
After ziparchive close when adding installer

********************************************************************************
INTEGRITY CHECKS:
********************************************************************************
SQL FILE: 301.52KB
INSTALLER FILE: 64.14KB
ARCHIVE FILE: 57.55MB 
EXPECTED FILE/DIRECTORY COUNT: 3,495
ACTUAL FILE/DIRECTORY COUNT: 3,494
ARCHIVE CONSISTENCY TEST: Pass

********************************************************************************
RECORD ID:[1]
TOTAL PROCESS RUNTIME: 21.17 sec.
PEAK PHP MEMORY USED: 6MB
DONE PROCESSING => 20210530_torontoonline May 30, 2021 3:07 pm

